{
  "RSpec": {
    "coverage": {
      "/Users/tim/Workspace/ray-tracer-challenge/tim-rails/app/models/tuple.rb": [
        1,
        1,
        null,
        null,
        null,
        null,
        1,
        8,
        null,
        null,
        1,
        8,
        null,
        null,
        1,
        1,
        1,
        1,
        1,
        1,
        1,
        null,
        null,
        1,
        4,
        4,
        4,
        4,
        4,
        4,
        null,
        null,
        1,
        1,
        1,
        1,
        1,
        1,
        1,
        null,
        null,
        1,
        2,
        2,
        2,
        2,
        2,
        2,
        null,
        null,
        1,
        1,
        1,
        1,
        1,
        1,
        1,
        null,
        null,
        1,
        4,
        4,
        null,
        null
      ],
      "/Users/tim/Workspace/ray-tracer-challenge/tim-rails/app/models/epsilon.rb": [
        1,
        1,
        null,
        1,
        40,
        null,
        null
      ],
      "/Users/tim/Workspace/ray-tracer-challenge/tim-rails/app/models/application_record.rb": [
        0,
        0,
        0
      ]
    },
    "timestamp": 1558057103
  }
}
